=== Ekstraksi fitur (GLCM + LBP + Warna) dari data TRAIN (dengan augmentasi) ===
  Memuat fitur dari cache: D:\semester 6\Pengolahan Citra\website 2\app\model\cache_train.pkl
Jumlah sampel train (setelah augmentasi): 4608, jumlah fitur: 123
Kelas (12): ['Bali_Merak', 'Jawa_Barat_Megamendung', 'Kalimantan_Dayak', 'Lampung_Gajah', 'Madura_Mataketeran', 'Maluku_Pala', 'NTB_Lumbung', 'Papua_Asmat', 'Solo_Parang', 'Sumatera_Barat_Rumah_Minang', 'Sumatera_Utara_Boraspati', 'Yogyakarta_Kawung']

=== Ekstraksi fitur dari data TEST (tanpa augmentasi) ===
  Memuat fitur dari cache: D:\semester 6\Pengolahan Citra\website 2\app\model\cache_test.pkl
Jumlah sampel test: 96

=== Training SVM (tanpa grid search) ===
C:\Users\perwi\AppData\Local\Programs\Python\Python314\Lib\site-packages\sklearn\svm\_base.py:239: FutureWarning: The `probability` parameter was deprecated in 1.9 and will be removed in version 1.11. Use `CalibratedClassifierCV(SVC(), ensemble=False)` instead of `SVC(probability=True)`
  warnings.warn(

Akurasi pada data TEST: 81.25%

Classification report:
                             precision    recall  f1-score   support

                 Bali_Merak       0.80      1.00      0.89         8
     Jawa_Barat_Megamendung       0.88      0.88      0.88         8
           Kalimantan_Dayak       0.88      0.88      0.88         8
              Lampung_Gajah       0.67      0.75      0.71         8
         Madura_Mataketeran       1.00      0.75      0.86         8
                Maluku_Pala       0.67      0.75      0.71         8
                NTB_Lumbung       0.89      1.00      0.94         8
                Papua_Asmat       0.75      0.75      0.75         8
                Solo_Parang       1.00      0.50      0.67         8
Sumatera_Barat_Rumah_Minang       0.78      0.88      0.82         8
   Sumatera_Utara_Boraspati       0.67      0.75      0.71         8
          Yogyakarta_Kawung       1.00      0.88      0.93         8

                   accuracy                           0.81        96
                  macro avg       0.83      0.81      0.81        96
               weighted avg       0.83      0.81      0.81        96